<?xml version="1.0" encoding="UTF-8"?>
<coverage generated="1669579207301" clover="3.2.0">
  <project timestamp="1669579207301" name="All files">
    <metrics statements="82" coveredstatements="80" conditionals="41" coveredconditionals="38" methods="4" coveredmethods="4" elements="127" coveredelements="122" complexity="0" loc="82" ncloc="82" packages="1" files="1" classes="1"/>
    <file name="script.js" path="C:\Users\goredani\Documents\DEVELOPMENT\DINA\dina-assessment\js-numerals\script.js">
      <metrics statements="82" coveredstatements="80" conditionals="41" coveredconditionals="38" methods="4" coveredmethods="4"/>
      <line num="1" count="1" type="stmt"/>
      <line num="15" count="1" type="stmt"/>
      <line num="28" count="1" type="stmt"/>
      <line num="39" count="1" type="stmt"/>
      <line num="47" count="1" type="stmt"/>
      <line num="49" count="1" type="stmt"/>
      <line num="53" count="1" type="stmt"/>
      <line num="54" count="13" type="stmt"/>
      <line num="55" count="13" type="stmt"/>
      <line num="57" count="13" type="stmt"/>
      <line num="58" count="13" type="cond" truecount="2" falsecount="0"/>
      <line num="59" count="2" type="stmt"/>
      <line num="60" count="11" type="cond" truecount="2" falsecount="0"/>
      <line num="61" count="1" type="stmt"/>
      <line num="65" count="3" type="stmt"/>
      <line num="68" count="10" type="cond" truecount="4" falsecount="0"/>
      <line num="69" count="1" type="stmt"/>
      <line num="74" count="10" type="cond" truecount="2" falsecount="0"/>
      <line num="75" count="2" type="stmt"/>
      <line num="76" count="8" type="cond" truecount="2" falsecount="0"/>
      <line num="77" count="1" type="stmt"/>
      <line num="79" count="7" type="stmt"/>
      <line num="81" count="7" type="stmt"/>
      <line num="85" count="7" type="stmt"/>
      <line num="88" count="16" type="cond" truecount="1" falsecount="1"/>
      <line num="91" count="16" type="cond" truecount="2" falsecount="0"/>
      <line num="92" count="12" type="cond" truecount="2" falsecount="0"/>
      <line num="93" count="7" type="stmt"/>
      <line num="94" count="7" type="stmt"/>
      <line num="96" count="5" type="stmt"/>
      <line num="97" count="5" type="stmt"/>
      <line num="102" count="4" type="stmt"/>
      <line num="103" count="4" type="stmt"/>
      <line num="108" count="16" type="stmt"/>
      <line num="111" count="0" type="stmt"/>
      <line num="116" count="10" type="stmt"/>
      <line num="118" count="10" type="stmt"/>
      <line num="121" count="1" type="stmt"/>
      <line num="122" count="12" type="stmt"/>
      <line num="124" count="12" type="cond" truecount="1" falsecount="1"/>
      <line num="125" count="0" type="stmt"/>
      <line num="128" count="12" type="cond" truecount="2" falsecount="0"/>
      <line num="129" count="2" type="cond" truecount="1" falsecount="1"/>
      <line num="130" count="2" type="stmt"/>
      <line num="132" count="2" type="stmt"/>
      <line num="133" count="2" type="stmt"/>
      <line num="136" count="10" type="stmt"/>
      <line num="138" count="10" type="stmt"/>
      <line num="141" count="10" type="cond" truecount="5" falsecount="0"/>
      <line num="142" count="8" type="stmt"/>
      <line num="145" count="10" type="cond" truecount="2" falsecount="0"/>
      <line num="146" count="8" type="stmt"/>
      <line num="149" count="10" type="stmt"/>
      <line num="152" count="1" type="stmt"/>
      <line num="153" count="15" type="stmt"/>
      <line num="155" count="15" type="cond" truecount="2" falsecount="0"/>
      <line num="156" count="5" type="stmt"/>
      <line num="159" count="10" type="cond" truecount="2" falsecount="0"/>
      <line num="160" count="1" type="stmt"/>
      <line num="162" count="9" type="stmt"/>
      <line num="164" count="9" type="cond" truecount="2" falsecount="0"/>
      <line num="165" count="8" type="stmt"/>
      <line num="169" count="10" type="stmt"/>
      <line num="174" count="1" type="stmt"/>
      <line num="175" count="7" type="stmt"/>
      <line num="176" count="7" type="stmt"/>
      <line num="177" count="7" type="stmt"/>
      <line num="179" count="7" type="stmt"/>
      <line num="181" count="7" type="stmt"/>
      <line num="183" count="7" type="stmt"/>
      <line num="185" count="7" type="stmt"/>
      <line num="186" count="41" type="stmt"/>
      <line num="187" count="41" type="stmt"/>
      <line num="189" count="41" type="stmt"/>
      <line num="191" count="41" type="cond" truecount="2" falsecount="0"/>
      <line num="192" count="12" type="stmt"/>
      <line num="193" count="12" type="stmt"/>
      <line num="198" count="7" type="cond" truecount="2" falsecount="0"/>
      <line num="199" count="4" type="stmt"/>
      <line num="202" count="7" type="stmt"/>
      <line num="205" count="1" type="stmt"/>
      <line num="207" count="1" type="stmt"/>
    </file>
  </project>
</coverage>
