<?xml version="1.0" encoding="UTF-8"?>
<coverage generated="1669654223310" clover="3.2.0">
  <project timestamp="1669654223310" name="All files">
    <metrics statements="80" coveredstatements="78" conditionals="39" coveredconditionals="35" methods="4" coveredmethods="4" elements="123" coveredelements="117" complexity="0" loc="80" ncloc="80" packages="1" files="1" classes="1"/>
    <file name="convertNum.js" path="C:\Users\goredani\Documents\DEVELOPMENT\DINA\dina-assessment\js-numerals\convertNum.js">
      <metrics statements="80" coveredstatements="78" conditionals="39" coveredconditionals="35" methods="4" coveredmethods="4"/>
      <line num="3" count="1" type="stmt"/>
      <line num="17" count="1" type="stmt"/>
      <line num="30" count="1" type="stmt"/>
      <line num="41" count="1" type="stmt"/>
      <line num="53" count="1" type="stmt"/>
      <line num="55" count="1" type="stmt"/>
      <line num="60" count="1" type="stmt"/>
      <line num="62" count="11" type="stmt"/>
      <line num="65" count="11" type="stmt"/>
      <line num="66" count="11" type="cond" truecount="2" falsecount="0"/>
      <line num="67" count="1" type="stmt"/>
      <line num="68" count="10" type="cond" truecount="2" falsecount="0"/>
      <line num="69" count="1" type="stmt"/>
      <line num="73" count="2" type="stmt"/>
      <line num="78" count="9" type="stmt"/>
      <line num="81" count="9" type="cond" truecount="2" falsecount="0"/>
      <line num="82" count="2" type="stmt"/>
      <line num="85" count="7" type="cond" truecount="2" falsecount="0"/>
      <line num="86" count="1" type="stmt"/>
      <line num="89" count="6" type="stmt"/>
      <line num="91" count="6" type="stmt"/>
      <line num="94" count="6" type="stmt"/>
      <line num="97" count="15" type="cond" truecount="1" falsecount="1"/>
      <line num="100" count="15" type="cond" truecount="2" falsecount="0"/>
      <line num="101" count="11" type="cond" truecount="2" falsecount="0"/>
      <line num="102" count="6" type="stmt"/>
      <line num="103" count="6" type="stmt"/>
      <line num="105" count="5" type="stmt"/>
      <line num="106" count="5" type="stmt"/>
      <line num="111" count="4" type="stmt"/>
      <line num="112" count="4" type="stmt"/>
      <line num="117" count="15" type="stmt"/>
      <line num="120" count="0" type="stmt"/>
      <line num="125" count="9" type="stmt"/>
      <line num="126" count="9" type="stmt"/>
      <line num="130" count="1" type="stmt"/>
      <line num="131" count="11" type="stmt"/>
      <line num="133" count="11" type="cond" truecount="1" falsecount="1"/>
      <line num="134" count="0" type="stmt"/>
      <line num="137" count="11" type="cond" truecount="2" falsecount="0"/>
      <line num="138" count="2" type="cond" truecount="1" falsecount="1"/>
      <line num="139" count="2" type="stmt"/>
      <line num="141" count="2" type="stmt"/>
      <line num="142" count="2" type="stmt"/>
      <line num="145" count="9" type="stmt"/>
      <line num="147" count="9" type="stmt"/>
      <line num="150" count="9" type="cond" truecount="5" falsecount="0"/>
      <line num="151" count="7" type="stmt"/>
      <line num="154" count="9" type="cond" truecount="2" falsecount="0"/>
      <line num="155" count="7" type="stmt"/>
      <line num="158" count="9" type="stmt"/>
      <line num="162" count="1" type="stmt"/>
      <line num="163" count="14" type="stmt"/>
      <line num="165" count="14" type="cond" truecount="2" falsecount="0"/>
      <line num="166" count="5" type="stmt"/>
      <line num="169" count="9" type="cond" truecount="2" falsecount="0"/>
      <line num="170" count="1" type="stmt"/>
      <line num="172" count="8" type="stmt"/>
      <line num="174" count="8" type="cond" truecount="2" falsecount="0"/>
      <line num="175" count="7" type="stmt"/>
      <line num="179" count="9" type="stmt"/>
      <line num="185" count="1" type="stmt"/>
      <line num="186" count="6" type="stmt"/>
      <line num="187" count="6" type="stmt"/>
      <line num="188" count="6" type="stmt"/>
      <line num="191" count="6" type="stmt"/>
      <line num="194" count="6" type="stmt"/>
      <line num="196" count="6" type="stmt"/>
      <line num="199" count="6" type="stmt"/>
      <line num="201" count="38" type="stmt"/>
      <line num="202" count="38" type="stmt"/>
      <line num="204" count="38" type="stmt"/>
      <line num="206" count="38" type="cond" truecount="2" falsecount="0"/>
      <line num="207" count="11" type="stmt"/>
      <line num="208" count="11" type="stmt"/>
      <line num="213" count="6" type="cond" truecount="2" falsecount="0"/>
      <line num="214" count="4" type="stmt"/>
      <line num="217" count="6" type="stmt"/>
      <line num="221" count="1" type="cond" truecount="1" falsecount="1"/>
      <line num="222" count="1" type="stmt"/>
    </file>
  </project>
</coverage>
