{"C:\\Users\\goredani\\Documents\\DEVELOPMENT\\DINA\\dina-assessment\\js-numerals\\script.js": {"path":"C:\\Users\\goredani\\Documents\\DEVELOPMENT\\DINA\\dina-assessment\\js-numerals\\script.js","statementMap":{"0":{"start":{"line":1,"column":13},"end":{"line":13,"column":1}},"1":{"start":{"line":15,"column":13},"end":{"line":26,"column":1}},"2":{"start":{"line":28,"column":17},"end":{"line":37,"column":1}},"3":{"start":{"line":39,"column":17},"end":{"line":45,"column":1}},"4":{"start":{"line":47,"column":17},"end":{"line":47,"column":30}},"5":{"start":{"line":49,"column":14},"end":{"line":49,"column":16}},"6":{"start":{"line":53,"column":19},"end":{"line":119,"column":1}},"7":{"start":{"line":54,"column":4},"end":{"line":54,"column":17}},"8":{"start":{"line":55,"column":19},"end":{"line":55,"column":32}},"9":{"start":{"line":57,"column":4},"end":{"line":66,"column":5}},"10":{"start":{"line":58,"column":8},"end":{"line":62,"column":9}},"11":{"start":{"line":59,"column":12},"end":{"line":59,"column":38}},"12":{"start":{"line":60,"column":15},"end":{"line":62,"column":9}},"13":{"start":{"line":61,"column":12},"end":{"line":61,"column":45}},"14":{"start":{"line":65,"column":8},"end":{"line":65,"column":23}},"15":{"start":{"line":68,"column":4},"end":{"line":70,"column":5}},"16":{"start":{"line":69,"column":8},"end":{"line":69,"column":28}},"17":{"start":{"line":74,"column":4},"end":{"line":114,"column":5}},"18":{"start":{"line":75,"column":8},"end":{"line":75,"column":32}},"19":{"start":{"line":76,"column":11},"end":{"line":114,"column":5}},"20":{"start":{"line":77,"column":8},"end":{"line":77,"column":49}},"21":{"start":{"line":79,"column":25},"end":{"line":79,"column":41}},"22":{"start":{"line":81,"column":20},"end":{"line":81,"column":35}},"23":{"start":{"line":85,"column":8},"end":{"line":113,"column":9}},"24":{"start":{"line":85,"column":21},"end":{"line":85,"column":22}},"25":{"start":{"line":88,"column":10},"end":{"line":112,"column":11}},"26":{"start":{"line":91,"column":14},"end":{"line":104,"column":13}},"27":{"start":{"line":92,"column":18},"end":{"line":98,"column":19}},"28":{"start":{"line":93,"column":22},"end":{"line":93,"column":80}},"29":{"start":{"line":94,"column":22},"end":{"line":94,"column":55}},"30":{"start":{"line":96,"column":20},"end":{"line":96,"column":79}},"31":{"start":{"line":97,"column":20},"end":{"line":97,"column":53}},"32":{"start":{"line":102,"column":24},"end":{"line":102,"column":80}},"33":{"start":{"line":103,"column":24},"end":{"line":103,"column":57}},"34":{"start":{"line":108,"column":12},"end":{"line":108,"column":20}},"35":{"start":{"line":111,"column":12},"end":{"line":111,"column":20}},"36":{"start":{"line":116,"column":4},"end":{"line":116,"column":49}},"37":{"start":{"line":118,"column":4},"end":{"line":118,"column":19}},"38":{"start":{"line":121,"column":26},"end":{"line":150,"column":1}},"39":{"start":{"line":122,"column":25},"end":{"line":122,"column":27}},"40":{"start":{"line":124,"column":4},"end":{"line":126,"column":5}},"41":{"start":{"line":125,"column":8},"end":{"line":125,"column":18}},"42":{"start":{"line":128,"column":4},"end":{"line":134,"column":5}},"43":{"start":{"line":129,"column":8},"end":{"line":131,"column":9}},"44":{"start":{"line":130,"column":12},"end":{"line":130,"column":38}},"45":{"start":{"line":132,"column":8},"end":{"line":132,"column":62}},"46":{"start":{"line":133,"column":8},"end":{"line":133,"column":30}},"47":{"start":{"line":136,"column":4},"end":{"line":136,"column":53}},"48":{"start":{"line":138,"column":4},"end":{"line":138,"column":33}},"49":{"start":{"line":141,"column":4},"end":{"line":143,"column":5}},"50":{"start":{"line":142,"column":8},"end":{"line":142,"column":34}},"51":{"start":{"line":145,"column":4},"end":{"line":147,"column":5}},"52":{"start":{"line":146,"column":8},"end":{"line":146,"column":84}},"53":{"start":{"line":149,"column":4},"end":{"line":149,"column":26}},"54":{"start":{"line":152,"column":30},"end":{"line":172,"column":1}},"55":{"start":{"line":153,"column":25},"end":{"line":153,"column":27}},"56":{"start":{"line":155,"column":4},"end":{"line":157,"column":5}},"57":{"start":{"line":156,"column":8},"end":{"line":156,"column":25}},"58":{"start":{"line":159,"column":4},"end":{"line":167,"column":5}},"59":{"start":{"line":160,"column":8},"end":{"line":160,"column":36}},"60":{"start":{"line":162,"column":8},"end":{"line":162,"column":67}},"61":{"start":{"line":164,"column":8},"end":{"line":166,"column":9}},"62":{"start":{"line":165,"column":12},"end":{"line":165,"column":67}},"63":{"start":{"line":169,"column":4},"end":{"line":169,"column":26}},"64":{"start":{"line":174,"column":17},"end":{"line":203,"column":1}},"65":{"start":{"line":175,"column":19},"end":{"line":175,"column":21}},"66":{"start":{"line":176,"column":22},"end":{"line":176,"column":36}},"67":{"start":{"line":177,"column":16},"end":{"line":177,"column":17}},"68":{"start":{"line":179,"column":20},"end":{"line":179,"column":22}},"69":{"start":{"line":181,"column":25},"end":{"line":181,"column":44}},"70":{"start":{"line":183,"column":19},"end":{"line":183,"column":38}},"71":{"start":{"line":185,"column":4},"end":{"line":196,"column":5}},"72":{"start":{"line":185,"column":17},"end":{"line":185,"column":27}},"73":{"start":{"line":186,"column":8},"end":{"line":186,"column":54}},"74":{"start":{"line":187,"column":8},"end":{"line":187,"column":16}},"75":{"start":{"line":189,"column":8},"end":{"line":189,"column":61}},"76":{"start":{"line":191,"column":8},"end":{"line":194,"column":9}},"77":{"start":{"line":192,"column":12},"end":{"line":192,"column":40}},"78":{"start":{"line":193,"column":12},"end":{"line":193,"column":27}},"79":{"start":{"line":198,"column":4},"end":{"line":200,"column":5}},"80":{"start":{"line":199,"column":8},"end":{"line":199,"column":36}},"81":{"start":{"line":202,"column":4},"end":{"line":202,"column":20}},"82":{"start":{"line":205,"column":0},"end":{"line":205,"column":37}},"83":{"start":{"line":207,"column":0},"end":{"line":207,"column":28}}},"fnMap":{"0":{"name":"(anonymous_0)","decl":{"start":{"line":53,"column":19},"end":{"line":53,"column":20}},"loc":{"start":{"line":53,"column":28},"end":{"line":119,"column":1}},"line":53},"1":{"name":"(anonymous_1)","decl":{"start":{"line":121,"column":26},"end":{"line":121,"column":27}},"loc":{"start":{"line":121,"column":44},"end":{"line":150,"column":1}},"line":121},"2":{"name":"(anonymous_2)","decl":{"start":{"line":152,"column":30},"end":{"line":152,"column":31}},"loc":{"start":{"line":152,"column":39},"end":{"line":172,"column":1}},"line":152},"3":{"name":"(anonymous_3)","decl":{"start":{"line":174,"column":17},"end":{"line":174,"column":18}},"loc":{"start":{"line":174,"column":26},"end":{"line":203,"column":1}},"line":174}},"branchMap":{"0":{"loc":{"start":{"line":58,"column":8},"end":{"line":62,"column":9}},"type":"if","locations":[{"start":{"line":58,"column":8},"end":{"line":62,"column":9}},{"start":{"line":60,"column":15},"end":{"line":62,"column":9}}],"line":58},"1":{"loc":{"start":{"line":60,"column":15},"end":{"line":62,"column":9}},"type":"if","locations":[{"start":{"line":60,"column":15},"end":{"line":62,"column":9}},{"start":{},"end":{}}],"line":60},"2":{"loc":{"start":{"line":68,"column":4},"end":{"line":70,"column":5}},"type":"if","locations":[{"start":{"line":68,"column":4},"end":{"line":70,"column":5}},{"start":{},"end":{}}],"line":68},"3":{"loc":{"start":{"line":68,"column":7},"end":{"line":68,"column":50}},"type":"binary-expr","locations":[{"start":{"line":68,"column":7},"end":{"line":68,"column":35}},{"start":{"line":68,"column":39},"end":{"line":68,"column":50}}],"line":68},"4":{"loc":{"start":{"line":74,"column":4},"end":{"line":114,"column":5}},"type":"if","locations":[{"start":{"line":74,"column":4},"end":{"line":114,"column":5}},{"start":{"line":76,"column":11},"end":{"line":114,"column":5}}],"line":74},"5":{"loc":{"start":{"line":76,"column":11},"end":{"line":114,"column":5}},"type":"if","locations":[{"start":{"line":76,"column":11},"end":{"line":114,"column":5}},{"start":{"line":78,"column":11},"end":{"line":114,"column":5}}],"line":76},"6":{"loc":{"start":{"line":88,"column":10},"end":{"line":112,"column":11}},"type":"if","locations":[{"start":{"line":88,"column":10},"end":{"line":112,"column":11}},{"start":{"line":110,"column":15},"end":{"line":112,"column":11}}],"line":88},"7":{"loc":{"start":{"line":91,"column":14},"end":{"line":104,"column":13}},"type":"if","locations":[{"start":{"line":91,"column":14},"end":{"line":104,"column":13}},{"start":{"line":100,"column":23},"end":{"line":104,"column":13}}],"line":91},"8":{"loc":{"start":{"line":92,"column":18},"end":{"line":98,"column":19}},"type":"if","locations":[{"start":{"line":92,"column":18},"end":{"line":98,"column":19}},{"start":{"line":95,"column":25},"end":{"line":98,"column":19}}],"line":92},"9":{"loc":{"start":{"line":124,"column":4},"end":{"line":126,"column":5}},"type":"if","locations":[{"start":{"line":124,"column":4},"end":{"line":126,"column":5}},{"start":{},"end":{}}],"line":124},"10":{"loc":{"start":{"line":128,"column":4},"end":{"line":134,"column":5}},"type":"if","locations":[{"start":{"line":128,"column":4},"end":{"line":134,"column":5}},{"start":{},"end":{}}],"line":128},"11":{"loc":{"start":{"line":129,"column":8},"end":{"line":131,"column":9}},"type":"if","locations":[{"start":{"line":129,"column":8},"end":{"line":131,"column":9}},{"start":{},"end":{}}],"line":129},"12":{"loc":{"start":{"line":141,"column":4},"end":{"line":143,"column":5}},"type":"if","locations":[{"start":{"line":141,"column":4},"end":{"line":143,"column":5}},{"start":{},"end":{}}],"line":141},"13":{"loc":{"start":{"line":141,"column":8},"end":{"line":141,"column":90}},"type":"binary-expr","locations":[{"start":{"line":141,"column":8},"end":{"line":141,"column":24}},{"start":{"line":141,"column":28},"end":{"line":141,"column":57}},{"start":{"line":141,"column":61},"end":{"line":141,"column":90}}],"line":141},"14":{"loc":{"start":{"line":145,"column":4},"end":{"line":147,"column":5}},"type":"if","locations":[{"start":{"line":145,"column":4},"end":{"line":147,"column":5}},{"start":{},"end":{}}],"line":145},"15":{"loc":{"start":{"line":155,"column":4},"end":{"line":157,"column":5}},"type":"if","locations":[{"start":{"line":155,"column":4},"end":{"line":157,"column":5}},{"start":{},"end":{}}],"line":155},"16":{"loc":{"start":{"line":159,"column":4},"end":{"line":167,"column":5}},"type":"if","locations":[{"start":{"line":159,"column":4},"end":{"line":167,"column":5}},{"start":{"line":161,"column":11},"end":{"line":167,"column":5}}],"line":159},"17":{"loc":{"start":{"line":164,"column":8},"end":{"line":166,"column":9}},"type":"if","locations":[{"start":{"line":164,"column":8},"end":{"line":166,"column":9}},{"start":{},"end":{}}],"line":164},"18":{"loc":{"start":{"line":191,"column":8},"end":{"line":194,"column":9}},"type":"if","locations":[{"start":{"line":191,"column":8},"end":{"line":194,"column":9}},{"start":{},"end":{}}],"line":191},"19":{"loc":{"start":{"line":198,"column":4},"end":{"line":200,"column":5}},"type":"if","locations":[{"start":{"line":198,"column":4},"end":{"line":200,"column":5}},{"start":{},"end":{}}],"line":198}},"s":{"0":1,"1":1,"2":1,"3":1,"4":1,"5":1,"6":1,"7":13,"8":13,"9":13,"10":13,"11":2,"12":11,"13":1,"14":3,"15":10,"16":1,"17":10,"18":2,"19":8,"20":1,"21":7,"22":7,"23":7,"24":7,"25":16,"26":16,"27":12,"28":7,"29":7,"30":5,"31":5,"32":4,"33":4,"34":16,"35":0,"36":10,"37":10,"38":1,"39":12,"40":12,"41":0,"42":12,"43":2,"44":2,"45":2,"46":2,"47":10,"48":10,"49":10,"50":8,"51":10,"52":8,"53":10,"54":1,"55":15,"56":15,"57":5,"58":10,"59":1,"60":9,"61":9,"62":8,"63":10,"64":1,"65":7,"66":7,"67":7,"68":7,"69":7,"70":7,"71":7,"72":7,"73":41,"74":41,"75":41,"76":41,"77":12,"78":12,"79":7,"80":4,"81":7,"82":1,"83":1},"f":{"0":13,"1":12,"2":15,"3":7},"b":{"0":[2,11],"1":[1,10],"2":[1,9],"3":[10,1],"4":[2,8],"5":[1,7],"6":[16,0],"7":[12,4],"8":[7,5],"9":[0,12],"10":[2,10],"11":[2,0],"12":[8,2],"13":[10,5,5],"14":[8,2],"15":[5,10],"16":[1,9],"17":[8,1],"18":[12,29],"19":[4,3]},"_coverageSchema":"1a1c01bbd47fc00a2c39e90264f33305004495a9","hash":"7f06d41e7689bed40918471e800117db2e8b92c2"}
}
