{"C:\\Users\\goredani\\Documents\\DEVELOPMENT\\DINA\\dina-assessment\\js-numerals\\convertNum.js": {"path":"C:\\Users\\goredani\\Documents\\DEVELOPMENT\\DINA\\dina-assessment\\js-numerals\\convertNum.js","statementMap":{"0":{"start":{"line":3,"column":13},"end":{"line":15,"column":1}},"1":{"start":{"line":17,"column":13},"end":{"line":28,"column":1}},"2":{"start":{"line":30,"column":17},"end":{"line":39,"column":1}},"3":{"start":{"line":41,"column":17},"end":{"line":47,"column":1}},"4":{"start":{"line":53,"column":17},"end":{"line":53,"column":30}},"5":{"start":{"line":55,"column":14},"end":{"line":55,"column":16}},"6":{"start":{"line":60,"column":19},"end":{"line":127,"column":1}},"7":{"start":{"line":62,"column":4},"end":{"line":62,"column":17}},"8":{"start":{"line":65,"column":4},"end":{"line":74,"column":5}},"9":{"start":{"line":66,"column":8},"end":{"line":70,"column":9}},"10":{"start":{"line":67,"column":12},"end":{"line":67,"column":46}},"11":{"start":{"line":68,"column":15},"end":{"line":70,"column":9}},"12":{"start":{"line":69,"column":12},"end":{"line":69,"column":42}},"13":{"start":{"line":73,"column":8},"end":{"line":73,"column":23}},"14":{"start":{"line":78,"column":19},"end":{"line":78,"column":32}},"15":{"start":{"line":81,"column":4},"end":{"line":123,"column":5}},"16":{"start":{"line":82,"column":8},"end":{"line":82,"column":32}},"17":{"start":{"line":85,"column":11},"end":{"line":123,"column":5}},"18":{"start":{"line":86,"column":8},"end":{"line":86,"column":49}},"19":{"start":{"line":89,"column":25},"end":{"line":89,"column":41}},"20":{"start":{"line":91,"column":20},"end":{"line":91,"column":35}},"21":{"start":{"line":94,"column":8},"end":{"line":122,"column":9}},"22":{"start":{"line":94,"column":21},"end":{"line":94,"column":22}},"23":{"start":{"line":97,"column":10},"end":{"line":121,"column":11}},"24":{"start":{"line":100,"column":14},"end":{"line":113,"column":13}},"25":{"start":{"line":101,"column":18},"end":{"line":107,"column":19}},"26":{"start":{"line":102,"column":22},"end":{"line":102,"column":80}},"27":{"start":{"line":103,"column":22},"end":{"line":103,"column":55}},"28":{"start":{"line":105,"column":20},"end":{"line":105,"column":79}},"29":{"start":{"line":106,"column":20},"end":{"line":106,"column":53}},"30":{"start":{"line":111,"column":24},"end":{"line":111,"column":80}},"31":{"start":{"line":112,"column":24},"end":{"line":112,"column":57}},"32":{"start":{"line":117,"column":12},"end":{"line":117,"column":20}},"33":{"start":{"line":120,"column":12},"end":{"line":120,"column":20}},"34":{"start":{"line":125,"column":4},"end":{"line":125,"column":49}},"35":{"start":{"line":126,"column":4},"end":{"line":126,"column":19}},"36":{"start":{"line":130,"column":26},"end":{"line":159,"column":1}},"37":{"start":{"line":131,"column":25},"end":{"line":131,"column":27}},"38":{"start":{"line":133,"column":4},"end":{"line":135,"column":5}},"39":{"start":{"line":134,"column":8},"end":{"line":134,"column":18}},"40":{"start":{"line":137,"column":4},"end":{"line":143,"column":5}},"41":{"start":{"line":138,"column":8},"end":{"line":140,"column":9}},"42":{"start":{"line":139,"column":12},"end":{"line":139,"column":38}},"43":{"start":{"line":141,"column":8},"end":{"line":141,"column":62}},"44":{"start":{"line":142,"column":8},"end":{"line":142,"column":30}},"45":{"start":{"line":145,"column":4},"end":{"line":145,"column":53}},"46":{"start":{"line":147,"column":4},"end":{"line":147,"column":33}},"47":{"start":{"line":150,"column":4},"end":{"line":152,"column":5}},"48":{"start":{"line":151,"column":8},"end":{"line":151,"column":34}},"49":{"start":{"line":154,"column":4},"end":{"line":156,"column":5}},"50":{"start":{"line":155,"column":8},"end":{"line":155,"column":84}},"51":{"start":{"line":158,"column":4},"end":{"line":158,"column":26}},"52":{"start":{"line":162,"column":30},"end":{"line":182,"column":1}},"53":{"start":{"line":163,"column":25},"end":{"line":163,"column":27}},"54":{"start":{"line":165,"column":4},"end":{"line":167,"column":5}},"55":{"start":{"line":166,"column":8},"end":{"line":166,"column":25}},"56":{"start":{"line":169,"column":4},"end":{"line":177,"column":5}},"57":{"start":{"line":170,"column":8},"end":{"line":170,"column":36}},"58":{"start":{"line":172,"column":8},"end":{"line":172,"column":67}},"59":{"start":{"line":174,"column":8},"end":{"line":176,"column":9}},"60":{"start":{"line":175,"column":12},"end":{"line":175,"column":67}},"61":{"start":{"line":179,"column":4},"end":{"line":179,"column":26}},"62":{"start":{"line":185,"column":17},"end":{"line":218,"column":1}},"63":{"start":{"line":186,"column":19},"end":{"line":186,"column":21}},"64":{"start":{"line":187,"column":20},"end":{"line":187,"column":22}},"65":{"start":{"line":188,"column":16},"end":{"line":188,"column":17}},"66":{"start":{"line":191,"column":22},"end":{"line":191,"column":36}},"67":{"start":{"line":194,"column":25},"end":{"line":194,"column":44}},"68":{"start":{"line":196,"column":19},"end":{"line":196,"column":38}},"69":{"start":{"line":199,"column":4},"end":{"line":211,"column":5}},"70":{"start":{"line":199,"column":17},"end":{"line":199,"column":27}},"71":{"start":{"line":201,"column":8},"end":{"line":201,"column":54}},"72":{"start":{"line":202,"column":8},"end":{"line":202,"column":16}},"73":{"start":{"line":204,"column":8},"end":{"line":204,"column":61}},"74":{"start":{"line":206,"column":8},"end":{"line":209,"column":9}},"75":{"start":{"line":207,"column":12},"end":{"line":207,"column":40}},"76":{"start":{"line":208,"column":12},"end":{"line":208,"column":27}},"77":{"start":{"line":213,"column":4},"end":{"line":215,"column":5}},"78":{"start":{"line":214,"column":8},"end":{"line":214,"column":36}},"79":{"start":{"line":217,"column":4},"end":{"line":217,"column":20}},"80":{"start":{"line":221,"column":13},"end":{"line":221,"column":25}},"81":{"start":{"line":222,"column":0},"end":{"line":222,"column":28}}},"fnMap":{"0":{"name":"(anonymous_0)","decl":{"start":{"line":60,"column":19},"end":{"line":60,"column":20}},"loc":{"start":{"line":60,"column":28},"end":{"line":127,"column":1}},"line":60},"1":{"name":"(anonymous_1)","decl":{"start":{"line":130,"column":26},"end":{"line":130,"column":27}},"loc":{"start":{"line":130,"column":44},"end":{"line":159,"column":1}},"line":130},"2":{"name":"(anonymous_2)","decl":{"start":{"line":162,"column":30},"end":{"line":162,"column":31}},"loc":{"start":{"line":162,"column":39},"end":{"line":182,"column":1}},"line":162},"3":{"name":"(anonymous_3)","decl":{"start":{"line":185,"column":17},"end":{"line":185,"column":18}},"loc":{"start":{"line":185,"column":26},"end":{"line":218,"column":1}},"line":185}},"branchMap":{"0":{"loc":{"start":{"line":66,"column":8},"end":{"line":70,"column":9}},"type":"if","locations":[{"start":{"line":66,"column":8},"end":{"line":70,"column":9}},{"start":{"line":68,"column":15},"end":{"line":70,"column":9}}],"line":66},"1":{"loc":{"start":{"line":68,"column":15},"end":{"line":70,"column":9}},"type":"if","locations":[{"start":{"line":68,"column":15},"end":{"line":70,"column":9}},{"start":{},"end":{}}],"line":68},"2":{"loc":{"start":{"line":81,"column":4},"end":{"line":123,"column":5}},"type":"if","locations":[{"start":{"line":81,"column":4},"end":{"line":123,"column":5}},{"start":{"line":85,"column":11},"end":{"line":123,"column":5}}],"line":81},"3":{"loc":{"start":{"line":85,"column":11},"end":{"line":123,"column":5}},"type":"if","locations":[{"start":{"line":85,"column":11},"end":{"line":123,"column":5}},{"start":{"line":87,"column":11},"end":{"line":123,"column":5}}],"line":85},"4":{"loc":{"start":{"line":97,"column":10},"end":{"line":121,"column":11}},"type":"if","locations":[{"start":{"line":97,"column":10},"end":{"line":121,"column":11}},{"start":{"line":119,"column":15},"end":{"line":121,"column":11}}],"line":97},"5":{"loc":{"start":{"line":100,"column":14},"end":{"line":113,"column":13}},"type":"if","locations":[{"start":{"line":100,"column":14},"end":{"line":113,"column":13}},{"start":{"line":109,"column":23},"end":{"line":113,"column":13}}],"line":100},"6":{"loc":{"start":{"line":101,"column":18},"end":{"line":107,"column":19}},"type":"if","locations":[{"start":{"line":101,"column":18},"end":{"line":107,"column":19}},{"start":{"line":104,"column":25},"end":{"line":107,"column":19}}],"line":101},"7":{"loc":{"start":{"line":133,"column":4},"end":{"line":135,"column":5}},"type":"if","locations":[{"start":{"line":133,"column":4},"end":{"line":135,"column":5}},{"start":{},"end":{}}],"line":133},"8":{"loc":{"start":{"line":137,"column":4},"end":{"line":143,"column":5}},"type":"if","locations":[{"start":{"line":137,"column":4},"end":{"line":143,"column":5}},{"start":{},"end":{}}],"line":137},"9":{"loc":{"start":{"line":138,"column":8},"end":{"line":140,"column":9}},"type":"if","locations":[{"start":{"line":138,"column":8},"end":{"line":140,"column":9}},{"start":{},"end":{}}],"line":138},"10":{"loc":{"start":{"line":150,"column":4},"end":{"line":152,"column":5}},"type":"if","locations":[{"start":{"line":150,"column":4},"end":{"line":152,"column":5}},{"start":{},"end":{}}],"line":150},"11":{"loc":{"start":{"line":150,"column":8},"end":{"line":150,"column":90}},"type":"binary-expr","locations":[{"start":{"line":150,"column":8},"end":{"line":150,"column":24}},{"start":{"line":150,"column":28},"end":{"line":150,"column":57}},{"start":{"line":150,"column":61},"end":{"line":150,"column":90}}],"line":150},"12":{"loc":{"start":{"line":154,"column":4},"end":{"line":156,"column":5}},"type":"if","locations":[{"start":{"line":154,"column":4},"end":{"line":156,"column":5}},{"start":{},"end":{}}],"line":154},"13":{"loc":{"start":{"line":165,"column":4},"end":{"line":167,"column":5}},"type":"if","locations":[{"start":{"line":165,"column":4},"end":{"line":167,"column":5}},{"start":{},"end":{}}],"line":165},"14":{"loc":{"start":{"line":169,"column":4},"end":{"line":177,"column":5}},"type":"if","locations":[{"start":{"line":169,"column":4},"end":{"line":177,"column":5}},{"start":{"line":171,"column":11},"end":{"line":177,"column":5}}],"line":169},"15":{"loc":{"start":{"line":174,"column":8},"end":{"line":176,"column":9}},"type":"if","locations":[{"start":{"line":174,"column":8},"end":{"line":176,"column":9}},{"start":{},"end":{}}],"line":174},"16":{"loc":{"start":{"line":206,"column":8},"end":{"line":209,"column":9}},"type":"if","locations":[{"start":{"line":206,"column":8},"end":{"line":209,"column":9}},{"start":{},"end":{}}],"line":206},"17":{"loc":{"start":{"line":213,"column":4},"end":{"line":215,"column":5}},"type":"if","locations":[{"start":{"line":213,"column":4},"end":{"line":215,"column":5}},{"start":{},"end":{}}],"line":213},"18":{"loc":{"start":{"line":221,"column":13},"end":{"line":221,"column":25}},"type":"binary-expr","locations":[{"start":{"line":221,"column":13},"end":{"line":221,"column":19}},{"start":{"line":221,"column":23},"end":{"line":221,"column":25}}],"line":221}},"s":{"0":1,"1":1,"2":1,"3":1,"4":1,"5":1,"6":1,"7":11,"8":11,"9":11,"10":1,"11":10,"12":1,"13":2,"14":9,"15":9,"16":2,"17":7,"18":1,"19":6,"20":6,"21":6,"22":6,"23":15,"24":15,"25":11,"26":6,"27":6,"28":5,"29":5,"30":4,"31":4,"32":15,"33":0,"34":9,"35":9,"36":1,"37":11,"38":11,"39":0,"40":11,"41":2,"42":2,"43":2,"44":2,"45":9,"46":9,"47":9,"48":7,"49":9,"50":7,"51":9,"52":1,"53":14,"54":14,"55":5,"56":9,"57":1,"58":8,"59":8,"60":7,"61":9,"62":1,"63":6,"64":6,"65":6,"66":6,"67":6,"68":6,"69":6,"70":6,"71":38,"72":38,"73":38,"74":38,"75":11,"76":11,"77":6,"78":4,"79":6,"80":1,"81":1},"f":{"0":11,"1":11,"2":14,"3":6},"b":{"0":[1,10],"1":[1,9],"2":[2,7],"3":[1,6],"4":[15,0],"5":[11,4],"6":[6,5],"7":[0,11],"8":[2,9],"9":[2,0],"10":[7,2],"11":[9,4,5],"12":[7,2],"13":[5,9],"14":[1,8],"15":[7,1],"16":[11,27],"17":[4,2],"18":[1,0]},"_coverageSchema":"1a1c01bbd47fc00a2c39e90264f33305004495a9","hash":"3277c638cbefd99bdb6795762d92da98235215ac"}
}
