TN:
SF:scripts\convertNum.js
FN:60,(anonymous_0)
FN:130,(anonymous_1)
FN:162,(anonymous_2)
FN:185,(anonymous_3)
FNF:4
FNH:4
FNDA:11,(anonymous_0)
FNDA:11,(anonymous_1)
FNDA:14,(anonymous_2)
FNDA:6,(anonymous_3)
DA:3,1
DA:17,1
DA:30,1
DA:41,1
DA:53,1
DA:55,1
DA:60,1
DA:62,11
DA:65,11
DA:66,11
DA:67,1
DA:68,10
DA:69,1
DA:73,2
DA:78,9
DA:81,9
DA:82,2
DA:85,7
DA:86,1
DA:89,6
DA:91,6
DA:94,6
DA:97,15
DA:100,15
DA:101,11
DA:102,6
DA:103,6
DA:105,5
DA:106,5
DA:111,4
DA:112,4
DA:117,15
DA:120,0
DA:125,9
DA:126,9
DA:130,1
DA:131,11
DA:133,11
DA:134,0
DA:137,11
DA:138,2
DA:139,2
DA:141,2
DA:142,2
DA:145,9
DA:147,9
DA:150,9
DA:151,7
DA:154,9
DA:155,7
DA:158,9
DA:162,1
DA:163,14
DA:165,14
DA:166,5
DA:169,9
DA:170,1
DA:172,8
DA:174,8
DA:175,7
DA:179,9
DA:185,1
DA:186,6
DA:187,6
DA:188,6
DA:191,6
DA:194,6
DA:196,6
DA:199,6
DA:201,38
DA:202,38
DA:204,38
DA:206,38
DA:207,11
DA:208,11
DA:213,6
DA:214,4
DA:217,6
DA:221,1
DA:222,1
LF:80
LH:78
BRDA:66,0,0,1
BRDA:66,0,1,10
BRDA:68,1,0,1
BRDA:68,1,1,9
BRDA:81,2,0,2
BRDA:81,2,1,7
BRDA:85,3,0,1
BRDA:85,3,1,6
BRDA:97,4,0,15
BRDA:97,4,1,0
BRDA:100,5,0,11
BRDA:100,5,1,4
BRDA:101,6,0,6
BRDA:101,6,1,5
BRDA:133,7,0,0
BRDA:133,7,1,11
BRDA:137,8,0,2
BRDA:137,8,1,9
BRDA:138,9,0,2
BRDA:138,9,1,0
BRDA:150,10,0,7
BRDA:150,10,1,2
BRDA:150,11,0,9
BRDA:150,11,1,4
BRDA:150,11,2,5
BRDA:154,12,0,7
BRDA:154,12,1,2
BRDA:154,13,0,9
BRDA:154,13,1,2
BRDA:165,14,0,5
BRDA:165,14,1,9
BRDA:169,15,0,1
BRDA:169,15,1,8
BRDA:174,16,0,7
BRDA:174,16,1,1
BRDA:206,17,0,11
BRDA:206,17,1,27
BRDA:213,18,0,4
BRDA:213,18,1,2
BRDA:221,19,0,1
BRDA:221,19,1,0
BRF:41
BRH:37
end_of_record
