TN:
SF:script.js
FN:53,(anonymous_0)
FN:121,(anonymous_1)
FN:152,(anonymous_2)
FN:174,(anonymous_3)
FNF:4
FNH:4
FNDA:13,(anonymous_0)
FNDA:12,(anonymous_1)
FNDA:15,(anonymous_2)
FNDA:7,(anonymous_3)
DA:1,1
DA:15,1
DA:28,1
DA:39,1
DA:47,1
DA:49,1
DA:53,1
DA:54,13
DA:55,13
DA:57,13
DA:58,13
DA:59,2
DA:60,11
DA:61,1
DA:65,3
DA:68,10
DA:69,1
DA:74,10
DA:75,2
DA:76,8
DA:77,1
DA:79,7
DA:81,7
DA:85,7
DA:88,16
DA:91,16
DA:92,12
DA:93,7
DA:94,7
DA:96,5
DA:97,5
DA:102,4
DA:103,4
DA:108,16
DA:111,0
DA:116,10
DA:118,10
DA:121,1
DA:122,12
DA:124,12
DA:125,0
DA:128,12
DA:129,2
DA:130,2
DA:132,2
DA:133,2
DA:136,10
DA:138,10
DA:141,10
DA:142,8
DA:145,10
DA:146,8
DA:149,10
DA:152,1
DA:153,15
DA:155,15
DA:156,5
DA:159,10
DA:160,1
DA:162,9
DA:164,9
DA:165,8
DA:169,10
DA:174,1
DA:175,7
DA:176,7
DA:177,7
DA:179,7
DA:181,7
DA:183,7
DA:185,7
DA:186,41
DA:187,41
DA:189,41
DA:191,41
DA:192,12
DA:193,12
DA:198,7
DA:199,4
DA:202,7
DA:205,1
DA:207,1
LF:82
LH:80
BRDA:58,0,0,2
BRDA:58,0,1,11
BRDA:60,1,0,1
BRDA:60,1,1,10
BRDA:68,2,0,1
BRDA:68,2,1,9
BRDA:68,3,0,10
BRDA:68,3,1,1
BRDA:74,4,0,2
BRDA:74,4,1,8
BRDA:76,5,0,1
BRDA:76,5,1,7
BRDA:88,6,0,16
BRDA:88,6,1,0
BRDA:91,7,0,12
BRDA:91,7,1,4
BRDA:92,8,0,7
BRDA:92,8,1,5
BRDA:124,9,0,0
BRDA:124,9,1,12
BRDA:128,10,0,2
BRDA:128,10,1,10
BRDA:129,11,0,2
BRDA:129,11,1,0
BRDA:141,12,0,8
BRDA:141,12,1,2
BRDA:141,13,0,10
BRDA:141,13,1,5
BRDA:141,13,2,5
BRDA:145,14,0,8
BRDA:145,14,1,2
BRDA:155,15,0,5
BRDA:155,15,1,10
BRDA:159,16,0,1
BRDA:159,16,1,9
BRDA:164,17,0,8
BRDA:164,17,1,1
BRDA:191,18,0,12
BRDA:191,18,1,29
BRDA:198,19,0,4
BRDA:198,19,1,3
BRF:41
BRH:38
end_of_record
